<?xml version="1.0" encoding="UTF-8"?>
<testng-results ignored="0" total="1" passed="1" failed="0" skipped="0">
  <reporter-output>
  </reporter-output>
  <suite started-at="2023-02-06T11:26:59 AEDT" name="Default suite" finished-at="2023-02-06T11:28:42 AEDT" duration-ms="103134">
    <groups>
    </groups>
    <test started-at="2023-02-06T11:26:59 AEDT" name="Default test" finished-at="2023-02-06T11:28:42 AEDT" duration-ms="103134">
      <class name="com.simplilearn.Phase4ProjectFlipkart.P4FlipkartProject">
        <test-method is-config="true" signature="LaunchApp()[pri:0, instance:com.simplilearn.Phase4ProjectFlipkart.P4FlipkartProject@f0da945]" started-at="2023-02-06T11:26:59 AEDT" name="LaunchApp" finished-at="2023-02-06T11:27:16 AEDT" duration-ms="16978" status="PASS">
          <reporter-output>
          </reporter-output>
        </test-method> <!-- LaunchApp -->
        <test-method signature="FlipkartProject()[pri:0, instance:com.simplilearn.Phase4ProjectFlipkart.P4FlipkartProject@f0da945]" started-at="2023-02-06T11:27:16 AEDT" name="FlipkartProject" finished-at="2023-02-06T11:28:40 AEDT" duration-ms="84618" status="PASS">
          <reporter-output>
          </reporter-output>
        </test-method> <!-- FlipkartProject -->
        <test-method is-config="true" signature="CloseApp()[pri:0, instance:com.simplilearn.Phase4ProjectFlipkart.P4FlipkartProject@f0da945]" started-at="2023-02-06T11:28:40 AEDT" name="CloseApp" finished-at="2023-02-06T11:28:42 AEDT" duration-ms="1377" status="PASS">
          <reporter-output>
          </reporter-output>
        </test-method> <!-- CloseApp -->
      </class> <!-- com.simplilearn.Phase4ProjectFlipkart.P4FlipkartProject -->
    </test> <!-- Default test -->
  </suite> <!-- Default suite -->
</testng-results>
